{"/Users/felipesimoes/fe-build/config/babel.config.js": {"path":"/Users/felipesimoes/fe-build/config/babel.config.js","statementMap":{"0":{"start":{"line":2,"column":0},"end":{"line":13,"column":2}}},"fnMap":{},"branchMap":{},"s":{"0":3},"f":{},"b":{},"_coverageSchema":"1a1c01bbd47fc00a2c39e90264f33305004495a9","hash":"c41a416db782d89ad39e647e32bc0016f28a4ef2"}
,"/Users/felipesimoes/fe-build/config/clientlibs.config.js": {"path":"/Users/felipesimoes/fe-build/config/clientlibs.config.js","statementMap":{"0":{"start":{"line":9,"column":17},"end":{"line":9,"column":22}},"1":{"start":{"line":12,"column":23},"end":{"line":12,"column":43}},"2":{"start":{"line":16,"column":0},"end":{"line":19,"column":2}}},"fnMap":{},"branchMap":{},"s":{"0":3,"1":3,"2":3},"f":{},"b":{},"_coverageSchema":"1a1c01bbd47fc00a2c39e90264f33305004495a9","hash":"7028ed119b6f6be6c6e7c1dde1528575d2b4c62f"}
,"/Users/felipesimoes/fe-build/config/eslint.config.js": {"path":"/Users/felipesimoes/fe-build/config/eslint.config.js","statementMap":{"0":{"start":{"line":2,"column":0},"end":{"line":14,"column":2}}},"fnMap":{},"branchMap":{},"s":{"0":3},"f":{},"b":{},"_coverageSchema":"1a1c01bbd47fc00a2c39e90264f33305004495a9","hash":"fd3e010846a1f34a2fd453098a6d4ee2da20c075"}
,"/Users/felipesimoes/fe-build/config/general.config.js": {"path":"/Users/felipesimoes/fe-build/config/general.config.js","statementMap":{"0":{"start":{"line":1,"column":13},"end":{"line":1,"column":28}},"1":{"start":{"line":2,"column":25},"end":{"line":2,"column":61}},"2":{"start":{"line":9,"column":19},"end":{"line":9,"column":27}},"3":{"start":{"line":12,"column":17},"end":{"line":12,"column":34}},"4":{"start":{"line":15,"column":20},"end":{"line":15,"column":46}},"5":{"start":{"line":18,"column":15},"end":{"line":18,"column":47}},"6":{"start":{"line":21,"column":15},"end":{"line":21,"column":74}},"7":{"start":{"line":24,"column":24},"end":{"line":24,"column":51}},"8":{"start":{"line":27,"column":20},"end":{"line":27,"column":55}},"9":{"start":{"line":35,"column":18},"end":{"line":35,"column":26}},"10":{"start":{"line":38,"column":18},"end":{"line":38,"column":26}},"11":{"start":{"line":41,"column":20},"end":{"line":41,"column":34}},"12":{"start":{"line":44,"column":29},"end":{"line":44,"column":39}},"13":{"start":{"line":48,"column":21},"end":{"line":48,"column":56}},"14":{"start":{"line":56,"column":21},"end":{"line":57,"column":43}},"15":{"start":{"line":60,"column":13},"end":{"line":60,"column":56}},"16":{"start":{"line":63,"column":14},"end":{"line":63,"column":41}},"17":{"start":{"line":66,"column":16},"end":{"line":66,"column":45}},"18":{"start":{"line":69,"column":13},"end":{"line":69,"column":40}},"19":{"start":{"line":72,"column":19},"end":{"line":72,"column":53}},"20":{"start":{"line":75,"column":14},"end":{"line":75,"column":41}},"21":{"start":{"line":78,"column":21},"end":{"line":78,"column":56}},"22":{"start":{"line":81,"column":16},"end":{"line":81,"column":59}},"23":{"start":{"line":84,"column":28},"end":{"line":84,"column":48}},"24":{"start":{"line":87,"column":16},"end":{"line":87,"column":35}},"25":{"start":{"line":90,"column":17},"end":{"line":90,"column":21}},"26":{"start":{"line":93,"column":0},"end":{"line":118,"column":2}}},"fnMap":{},"branchMap":{"0":{"loc":{"start":{"line":56,"column":21},"end":{"line":57,"column":43}},"type":"binary-expr","locations":[{"start":{"line":56,"column":21},"end":{"line":56,"column":62}},{"start":{"line":57,"column":9},"end":{"line":57,"column":43}}],"line":56},"1":{"loc":{"start":{"line":60,"column":13},"end":{"line":60,"column":56}},"type":"cond-expr","locations":[{"start":{"line":60,"column":28},"end":{"line":60,"column":40}},{"start":{"line":60,"column":43},"end":{"line":60,"column":56}}],"line":60},"2":{"loc":{"start":{"line":78,"column":21},"end":{"line":78,"column":56}},"type":"binary-expr","locations":[{"start":{"line":78,"column":21},"end":{"line":78,"column":48}},{"start":{"line":78,"column":52},"end":{"line":78,"column":56}}],"line":78},"3":{"loc":{"start":{"line":81,"column":16},"end":{"line":81,"column":59}},"type":"cond-expr","locations":[{"start":{"line":81,"column":31},"end":{"line":81,"column":37}},{"start":{"line":81,"column":40},"end":{"line":81,"column":59}}],"line":81}},"s":{"0":5,"1":5,"2":5,"3":5,"4":5,"5":5,"6":5,"7":5,"8":5,"9":5,"10":5,"11":5,"12":5,"13":5,"14":5,"15":5,"16":5,"17":5,"18":5,"19":5,"20":5,"21":5,"22":5,"23":5,"24":5,"25":5,"26":5},"f":{},"b":{"0":[5,5],"1":[5,0],"2":[5,5],"3":[5,0]},"_coverageSchema":"1a1c01bbd47fc00a2c39e90264f33305004495a9","hash":"c5d83fda528db7ac62454f565c5c1592773cd672"}
,"/Users/felipesimoes/fe-build/config/index.js": {"path":"/Users/felipesimoes/fe-build/config/index.js","statementMap":{"0":{"start":{"line":1,"column":14},"end":{"line":1,"column":39}},"1":{"start":{"line":2,"column":19},"end":{"line":2,"column":49}},"2":{"start":{"line":3,"column":15},"end":{"line":3,"column":41}},"3":{"start":{"line":4,"column":16},"end":{"line":4,"column":46}},"4":{"start":{"line":5,"column":21},"end":{"line":5,"column":53}},"5":{"start":{"line":6,"column":15},"end":{"line":6,"column":41}},"6":{"start":{"line":7,"column":16},"end":{"line":7,"column":43}},"7":{"start":{"line":8,"column":16},"end":{"line":8,"column":43}},"8":{"start":{"line":9,"column":16},"end":{"line":9,"column":43}},"9":{"start":{"line":10,"column":13},"end":{"line":10,"column":37}},"10":{"start":{"line":11,"column":18},"end":{"line":11,"column":47}},"11":{"start":{"line":12,"column":18},"end":{"line":12,"column":47}},"12":{"start":{"line":14,"column":16},"end":{"line":14,"column":31}},"13":{"start":{"line":16,"column":0},"end":{"line":30,"column":2}}},"fnMap":{},"branchMap":{},"s":{"0":3,"1":3,"2":3,"3":3,"4":3,"5":3,"6":3,"7":3,"8":3,"9":3,"10":3,"11":3,"12":3,"13":3},"f":{},"b":{},"_coverageSchema":"1a1c01bbd47fc00a2c39e90264f33305004495a9","hash":"d04c3b27a691f94ae0a4545d4f5a57c5eb04d9e6"}
,"/Users/felipesimoes/fe-build/config/optimization.config.js": {"path":"/Users/felipesimoes/fe-build/config/optimization.config.js","statementMap":{"0":{"start":{"line":1,"column":46},"end":{"line":1,"column":73}},"1":{"start":{"line":2,"column":23},"end":{"line":2,"column":57}},"2":{"start":{"line":4,"column":0},"end":{"line":30,"column":2}},"3":{"start":{"line":14,"column":21},"end":{"line":14,"column":69}},"4":{"start":{"line":22,"column":21},"end":{"line":22,"column":70}}},"fnMap":{"0":{"name":"(anonymous_0)","decl":{"start":{"line":14,"column":14},"end":{"line":14,"column":15}},"loc":{"start":{"line":14,"column":21},"end":{"line":14,"column":69}},"line":14},"1":{"name":"(anonymous_1)","decl":{"start":{"line":22,"column":14},"end":{"line":22,"column":15}},"loc":{"start":{"line":22,"column":21},"end":{"line":22,"column":70}},"line":22}},"branchMap":{},"s":{"0":3,"1":3,"2":3,"3":0,"4":0},"f":{"0":0,"1":0},"b":{},"_coverageSchema":"1a1c01bbd47fc00a2c39e90264f33305004495a9","hash":"58d3223e78137a71839055f2dcb21b7938d1808a"}
,"/Users/felipesimoes/fe-build/config/output.config.js": {"path":"/Users/felipesimoes/fe-build/config/output.config.js","statementMap":{"0":{"start":{"line":1,"column":13},"end":{"line":1,"column":56}},"1":{"start":{"line":3,"column":0},"end":{"line":9,"column":2}}},"fnMap":{},"branchMap":{},"s":{"0":3,"1":3},"f":{},"b":{},"_coverageSchema":"1a1c01bbd47fc00a2c39e90264f33305004495a9","hash":"5bf62dbd5feb873ee35e3c025efcdd63948390d4"}
,"/Users/felipesimoes/fe-build/config/plugins.config.js": {"path":"/Users/felipesimoes/fe-build/config/plugins.config.js","statementMap":{"0":{"start":{"line":1,"column":16},"end":{"line":1,"column":34}},"1":{"start":{"line":3,"column":40},"end":{"line":3,"column":67}},"2":{"start":{"line":6,"column":20},"end":{"line":8,"column":2}},"3":{"start":{"line":11,"column":16},"end":{"line":11,"column":29}},"4":{"start":{"line":15,"column":0},"end":{"line":22,"column":1}},"5":{"start":{"line":16,"column":25},"end":{"line":16,"column":80}},"6":{"start":{"line":17,"column":19},"end":{"line":19,"column":4}},"7":{"start":{"line":21,"column":2},"end":{"line":21,"column":25}},"8":{"start":{"line":24,"column":0},"end":{"line":24,"column":25}}},"fnMap":{},"branchMap":{"0":{"loc":{"start":{"line":15,"column":0},"end":{"line":22,"column":1}},"type":"if","locations":[{"start":{"line":15,"column":0},"end":{"line":22,"column":1}},{"start":{},"end":{}}],"line":15}},"s":{"0":3,"1":3,"2":3,"3":3,"4":3,"5":0,"6":0,"7":0,"8":3},"f":{},"b":{"0":[0,3]},"_coverageSchema":"1a1c01bbd47fc00a2c39e90264f33305004495a9","hash":"1551ff716cf33559b7a49278e03bcbfcf37a8663"}
,"/Users/felipesimoes/fe-build/config/postcss.config.js": {"path":"/Users/felipesimoes/fe-build/config/postcss.config.js","statementMap":{"0":{"start":{"line":1,"column":0},"end":{"line":4,"column":2}}},"fnMap":{},"branchMap":{},"s":{"0":3},"f":{},"b":{},"_coverageSchema":"1a1c01bbd47fc00a2c39e90264f33305004495a9","hash":"2fa68f3b84c5c181613d6f40ab359b80fe4123b3"}
,"/Users/felipesimoes/fe-build/config/resolve.config.js": {"path":"/Users/felipesimoes/fe-build/config/resolve.config.js","statementMap":{"0":{"start":{"line":1,"column":13},"end":{"line":1,"column":28}},"1":{"start":{"line":6,"column":4},"end":{"line":6,"column":31}},"2":{"start":{"line":8,"column":0},"end":{"line":13,"column":2}}},"fnMap":{},"branchMap":{},"s":{"0":3,"1":3,"2":3},"f":{},"b":{},"_coverageSchema":"1a1c01bbd47fc00a2c39e90264f33305004495a9","hash":"5b593e6b19fd62582eed418c8bb621e11df6736c"}
,"/Users/felipesimoes/fe-build/config/sass.config.js": {"path":"/Users/felipesimoes/fe-build/config/sass.config.js","statementMap":{"0":{"start":{"line":1,"column":13},"end":{"line":1,"column":28}},"1":{"start":{"line":2,"column":46},"end":{"line":2,"column":73}},"2":{"start":{"line":4,"column":21},"end":{"line":4,"column":63}},"3":{"start":{"line":5,"column":20},"end":{"line":5,"column":60}},"4":{"start":{"line":7,"column":0},"end":{"line":10,"column":2}}},"fnMap":{},"branchMap":{"0":{"loc":{"start":{"line":5,"column":20},"end":{"line":5,"column":60}},"type":"cond-expr","locations":[{"start":{"line":5,"column":35},"end":{"line":5,"column":47}},{"start":{"line":5,"column":50},"end":{"line":5,"column":60}}],"line":5}},"s":{"0":3,"1":3,"2":3,"3":3,"4":3},"f":{},"b":{"0":[3,0]},"_coverageSchema":"1a1c01bbd47fc00a2c39e90264f33305004495a9","hash":"dd140893ccad068a830035d1a18fe7ad98d80503"}
,"/Users/felipesimoes/fe-build/config/stylelint.config.js": {"path":"/Users/felipesimoes/fe-build/config/stylelint.config.js","statementMap":{"0":{"start":{"line":1,"column":0},"end":{"line":4,"column":2}}},"fnMap":{},"branchMap":{},"s":{"0":3},"f":{},"b":{},"_coverageSchema":"1a1c01bbd47fc00a2c39e90264f33305004495a9","hash":"0b7c184d5344023b46dc4786fec3dc4d3c9808c6"}
,"/Users/felipesimoes/fe-build/config/templates.config.js": {"path":"/Users/felipesimoes/fe-build/config/templates.config.js","statementMap":{"0":{"start":{"line":2,"column":26},"end":{"line":7,"column":1}},"1":{"start":{"line":2,"column":48},"end":{"line":7,"column":1}},"2":{"start":{"line":9,"column":0},"end":{"line":11,"column":2}}},"fnMap":{"0":{"name":"(anonymous_0)","decl":{"start":{"line":2,"column":26},"end":{"line":2,"column":27}},"loc":{"start":{"line":2,"column":48},"end":{"line":7,"column":1}},"line":2}},"branchMap":{},"s":{"0":3,"1":0,"2":3},"f":{"0":0},"b":{},"_coverageSchema":"1a1c01bbd47fc00a2c39e90264f33305004495a9","hash":"166080c0d431274ff9bed85c007ec8cb23385ac6"}
,"/Users/felipesimoes/fe-build/test/.febuild": {"path":"/Users/felipesimoes/fe-build/test/.febuild","statementMap":{"0":{"start":{"line":1,"column":13},"end":{"line":1,"column":28}},"1":{"start":{"line":3,"column":0},"end":{"line":68,"column":1}},"2":{"start":{"line":4,"column":19},"end":{"line":4,"column":28}},"3":{"start":{"line":5,"column":22},"end":{"line":5,"column":48}},"4":{"start":{"line":6,"column":17},"end":{"line":6,"column":49}},"5":{"start":{"line":7,"column":23},"end":{"line":7,"column":87}},"6":{"start":{"line":9,"column":2},"end":{"line":67,"column":4}},"7":{"start":{"line":59,"column":47},"end":{"line":65,"column":46}}},"fnMap":{"0":{"name":"(anonymous_0)","decl":{"start":{"line":3,"column":17},"end":{"line":3,"column":18}},"loc":{"start":{"line":3,"column":42},"end":{"line":68,"column":1}},"line":3},"1":{"name":"(anonymous_1)","decl":{"start":{"line":59,"column":25},"end":{"line":59,"column":26}},"loc":{"start":{"line":59,"column":47},"end":{"line":65,"column":46}},"line":59}},"branchMap":{},"s":{"0":3,"1":3,"2":4,"3":4,"4":4,"5":4,"6":4,"7":0},"f":{"0":4,"1":0},"b":{},"inputSourceMap":null,"_coverageSchema":"1a1c01bbd47fc00a2c39e90264f33305004495a9","hash":"da70d64769fcf15dbfb830c2e0e4344f14296975"}
,"/Users/felipesimoes/fe-build/test/src/minimal/.febuild": {"path":"/Users/felipesimoes/fe-build/test/src/minimal/.febuild","statementMap":{"0":{"start":{"line":1,"column":13},"end":{"line":1,"column":28}},"1":{"start":{"line":3,"column":0},"end":{"line":11,"column":4}}},"fnMap":{},"branchMap":{},"s":{"0":1,"1":1},"f":{},"b":{},"inputSourceMap":null,"_coverageSchema":"1a1c01bbd47fc00a2c39e90264f33305004495a9","hash":"8c5ce644f67925d233f0f868544ed705af552ec4"}
,"/Users/felipesimoes/fe-build/utils/extendConfig.js": {"path":"/Users/felipesimoes/fe-build/utils/extendConfig.js","statementMap":{"0":{"start":{"line":1,"column":13},"end":{"line":1,"column":28}},"1":{"start":{"line":2,"column":16},"end":{"line":2,"column":32}},"2":{"start":{"line":3,"column":14},"end":{"line":3,"column":32}},"3":{"start":{"line":5,"column":0},"end":{"line":39,"column":2}},"4":{"start":{"line":6,"column":14},"end":{"line":6,"column":60}},"5":{"start":{"line":10,"column":22},"end":{"line":10,"column":34}},"6":{"start":{"line":11,"column":19},"end":{"line":11,"column":88}},"7":{"start":{"line":15,"column":2},"end":{"line":15,"column":79}},"8":{"start":{"line":19,"column":27},"end":{"line":19,"column":35}},"9":{"start":{"line":20,"column":17},"end":{"line":20,"column":36}},"10":{"start":{"line":22,"column":2},"end":{"line":26,"column":3}},"11":{"start":{"line":23,"column":4},"end":{"line":23,"column":46}},"12":{"start":{"line":24,"column":4},"end":{"line":24,"column":53}},"13":{"start":{"line":25,"column":4},"end":{"line":25,"column":78}},"14":{"start":{"line":28,"column":2},"end":{"line":34,"column":3}},"15":{"start":{"line":29,"column":18},"end":{"line":29,"column":42}},"16":{"start":{"line":30,"column":4},"end":{"line":30,"column":22}},"17":{"start":{"line":31,"column":17},"end":{"line":31,"column":61}},"18":{"start":{"line":32,"column":4},"end":{"line":32,"column":46}},"19":{"start":{"line":33,"column":4},"end":{"line":33,"column":44}},"20":{"start":{"line":37,"column":25},"end":{"line":37,"column":48}},"21":{"start":{"line":38,"column":2},"end":{"line":38,"column":24}}},"fnMap":{"0":{"name":"(anonymous_0)","decl":{"start":{"line":5,"column":17},"end":{"line":5,"column":18}},"loc":{"start":{"line":5,"column":41},"end":{"line":39,"column":1}},"line":5}},"branchMap":{"0":{"loc":{"start":{"line":11,"column":19},"end":{"line":11,"column":88}},"type":"cond-expr","locations":[{"start":{"line":11,"column":55},"end":{"line":11,"column":74}},{"start":{"line":11,"column":77},"end":{"line":11,"column":88}}],"line":11},"1":{"loc":{"start":{"line":19,"column":10},"end":{"line":19,"column":22}},"type":"default-arg","locations":[{"start":{"line":19,"column":20},"end":{"line":19,"column":22}}],"line":19},"2":{"loc":{"start":{"line":22,"column":2},"end":{"line":26,"column":3}},"type":"if","locations":[{"start":{"line":22,"column":2},"end":{"line":26,"column":3}},{"start":{},"end":{}}],"line":22},"3":{"loc":{"start":{"line":23,"column":23},"end":{"line":23,"column":45}},"type":"binary-expr","locations":[{"start":{"line":23,"column":23},"end":{"line":23,"column":39}},{"start":{"line":23,"column":43},"end":{"line":23,"column":45}}],"line":23},"4":{"loc":{"start":{"line":28,"column":2},"end":{"line":34,"column":3}},"type":"if","locations":[{"start":{"line":28,"column":2},"end":{"line":34,"column":3}},{"start":{},"end":{}}],"line":28},"5":{"loc":{"start":{"line":32,"column":23},"end":{"line":32,"column":45}},"type":"binary-expr","locations":[{"start":{"line":32,"column":23},"end":{"line":32,"column":39}},{"start":{"line":32,"column":43},"end":{"line":32,"column":45}}],"line":32}},"s":{"0":3,"1":3,"2":3,"3":3,"4":5,"5":5,"6":4,"7":4,"8":4,"9":4,"10":4,"11":1,"12":1,"13":1,"14":4,"15":1,"16":1,"17":1,"18":1,"19":1,"20":4,"21":4},"f":{"0":5},"b":{"0":[3,1],"1":[1],"2":[1,3],"3":[1,1],"4":[1,3],"5":[1,0]},"_coverageSchema":"1a1c01bbd47fc00a2c39e90264f33305004495a9","hash":"40c6f3b55ddf8e0191faa968c5281f72065fb300"}
,"/Users/felipesimoes/fe-build/utils/generateEntries.js": {"path":"/Users/felipesimoes/fe-build/utils/generateEntries.js","statementMap":{"0":{"start":{"line":1,"column":13},"end":{"line":1,"column":33}},"1":{"start":{"line":2,"column":13},"end":{"line":2,"column":28}},"2":{"start":{"line":4,"column":0},"end":{"line":24,"column":2}},"3":{"start":{"line":5,"column":24},"end":{"line":5,"column":71}},"4":{"start":{"line":6,"column":23},"end":{"line":6,"column":84}},"5":{"start":{"line":9,"column":2},"end":{"line":21,"column":3}},"6":{"start":{"line":10,"column":20},"end":{"line":10,"column":22}},"7":{"start":{"line":12,"column":4},"end":{"line":18,"column":7}},"8":{"start":{"line":13,"column":18},"end":{"line":13,"column":36}},"9":{"start":{"line":14,"column":23},"end":{"line":14,"column":42}},"10":{"start":{"line":15,"column":27},"end":{"line":15,"column":95}},"11":{"start":{"line":16,"column":23},"end":{"line":16,"column":51}},"12":{"start":{"line":17,"column":6},"end":{"line":17,"column":70}},"13":{"start":{"line":20,"column":4},"end":{"line":20,"column":19}},"14":{"start":{"line":23,"column":2},"end":{"line":23,"column":22}}},"fnMap":{"0":{"name":"generateEntries","decl":{"start":{"line":4,"column":26},"end":{"line":4,"column":41}},"loc":{"start":{"line":4,"column":68},"end":{"line":24,"column":1}},"line":4},"1":{"name":"(anonymous_1)","decl":{"start":{"line":12,"column":25},"end":{"line":12,"column":26}},"loc":{"start":{"line":12,"column":35},"end":{"line":18,"column":5}},"line":12}},"branchMap":{"0":{"loc":{"start":{"line":4,"column":50},"end":{"line":4,"column":66}},"type":"default-arg","locations":[{"start":{"line":4,"column":62},"end":{"line":4,"column":66}}],"line":4},"1":{"loc":{"start":{"line":9,"column":2},"end":{"line":21,"column":3}},"type":"if","locations":[{"start":{"line":9,"column":2},"end":{"line":21,"column":3}},{"start":{},"end":{}}],"line":9}},"s":{"0":2,"1":2,"2":2,"3":6,"4":5,"5":5,"6":4,"7":4,"8":6,"9":6,"10":6,"11":6,"12":6,"13":4,"14":1},"f":{"0":6,"1":6},"b":{"0":[4],"1":[4,1]},"_coverageSchema":"1a1c01bbd47fc00a2c39e90264f33305004495a9","hash":"8e830d82ee0e1f10e6e3318bd85f2c20bdf85f1b"}
,"/Users/felipesimoes/fe-build/utils/getArgumentValue.js": {"path":"/Users/felipesimoes/fe-build/utils/getArgumentValue.js","statementMap":{"0":{"start":{"line":1,"column":0},"end":{"line":21,"column":2}},"1":{"start":{"line":2,"column":2},"end":{"line":18,"column":3}},"2":{"start":{"line":4,"column":17},"end":{"line":5,"column":49}},"3":{"start":{"line":5,"column":21},"end":{"line":5,"column":42}},"4":{"start":{"line":7,"column":4},"end":{"line":15,"column":5}},"5":{"start":{"line":9,"column":6},"end":{"line":11,"column":7}},"6":{"start":{"line":10,"column":8},"end":{"line":10,"column":37}},"7":{"start":{"line":14,"column":6},"end":{"line":14,"column":18}},"8":{"start":{"line":17,"column":4},"end":{"line":17,"column":17}},"9":{"start":{"line":20,"column":2},"end":{"line":20,"column":15}}},"fnMap":{"0":{"name":"(anonymous_0)","decl":{"start":{"line":1,"column":17},"end":{"line":1,"column":18}},"loc":{"start":{"line":1,"column":26},"end":{"line":21,"column":1}},"line":1},"1":{"name":"(anonymous_1)","decl":{"start":{"line":5,"column":14},"end":{"line":5,"column":15}},"loc":{"start":{"line":5,"column":21},"end":{"line":5,"column":42}},"line":5}},"branchMap":{"0":{"loc":{"start":{"line":2,"column":2},"end":{"line":18,"column":3}},"type":"if","locations":[{"start":{"line":2,"column":2},"end":{"line":18,"column":3}},{"start":{},"end":{}}],"line":2},"1":{"loc":{"start":{"line":7,"column":4},"end":{"line":15,"column":5}},"type":"if","locations":[{"start":{"line":7,"column":4},"end":{"line":15,"column":5}},{"start":{},"end":{}}],"line":7},"2":{"loc":{"start":{"line":9,"column":6},"end":{"line":11,"column":7}},"type":"if","locations":[{"start":{"line":9,"column":6},"end":{"line":11,"column":7}},{"start":{},"end":{}}],"line":9}},"s":{"0":6,"1":39,"2":38,"3":139,"4":38,"5":5,"6":1,"7":4,"8":33,"9":1},"f":{"0":39,"1":139},"b":{"0":[38,1],"1":[5,33],"2":[1,4]},"_coverageSchema":"1a1c01bbd47fc00a2c39e90264f33305004495a9","hash":"c2f697859037a79b691a839ab96d040da79a7fa0"}
,"/Users/felipesimoes/fe-build/utils/getClientlib.js": {"path":"/Users/felipesimoes/fe-build/utils/getClientlib.js","statementMap":{"0":{"start":{"line":1,"column":13},"end":{"line":1,"column":28}},"1":{"start":{"line":3,"column":0},"end":{"line":16,"column":2}},"2":{"start":{"line":5,"column":48},"end":{"line":5,"column":62}},"3":{"start":{"line":6,"column":17},"end":{"line":6,"column":39}},"4":{"start":{"line":7,"column":19},"end":{"line":7,"column":42}},"5":{"start":{"line":8,"column":16},"end":{"line":8,"column":82}},"6":{"start":{"line":9,"column":15},"end":{"line":9,"column":66}},"7":{"start":{"line":11,"column":2},"end":{"line":15,"column":4}}},"fnMap":{"0":{"name":"getClientlib","decl":{"start":{"line":3,"column":26},"end":{"line":3,"column":38}},"loc":{"start":{"line":3,"column":57},"end":{"line":16,"column":1}},"line":3}},"branchMap":{},"s":{"0":1,"1":1,"2":1,"3":1,"4":1,"5":1,"6":1,"7":1},"f":{"0":1},"b":{},"_coverageSchema":"1a1c01bbd47fc00a2c39e90264f33305004495a9","hash":"74e2c1b7125a357dd2598c344ca6c07e2e763239"}
,"/Users/felipesimoes/fe-build/utils/linterError.js": {"path":"/Users/felipesimoes/fe-build/utils/linterError.js","statementMap":{"0":{"start":{"line":1,"column":13},"end":{"line":1,"column":28}},"1":{"start":{"line":2,"column":23},"end":{"line":2,"column":39}},"2":{"start":{"line":4,"column":0},"end":{"line":9,"column":2}},"3":{"start":{"line":5,"column":19},"end":{"line":5,"column":96}},"4":{"start":{"line":6,"column":2},"end":{"line":8,"column":69}}},"fnMap":{"0":{"name":"linterError","decl":{"start":{"line":4,"column":26},"end":{"line":4,"column":37}},"loc":{"start":{"line":4,"column":60},"end":{"line":9,"column":1}},"line":4}},"branchMap":{},"s":{"0":1,"1":1,"2":1,"3":1,"4":1},"f":{"0":1},"b":{},"_coverageSchema":"1a1c01bbd47fc00a2c39e90264f33305004495a9","hash":"1fab2bc14f6650d2ffb0b15a2141ef33c11b456b"}
,"/Users/felipesimoes/fe-build/utils/log.js": {"path":"/Users/felipesimoes/fe-build/utils/log.js","statementMap":{"0":{"start":{"line":1,"column":13},"end":{"line":1,"column":28}},"1":{"start":{"line":2,"column":28},"end":{"line":2,"column":63}},"2":{"start":{"line":4,"column":21},"end":{"line":28,"column":1}},"3":{"start":{"line":30,"column":14},"end":{"line":30,"column":82}},"4":{"start":{"line":30,"column":51},"end":{"line":30,"column":82}},"5":{"start":{"line":32,"column":15},"end":{"line":35,"column":1}},"6":{"start":{"line":37,"column":15},"end":{"line":37,"column":71}},"7":{"start":{"line":37,"column":24},"end":{"line":37,"column":71}},"8":{"start":{"line":39,"column":17},"end":{"line":60,"column":1}},"9":{"start":{"line":41,"column":16},"end":{"line":41,"column":35}},"10":{"start":{"line":45,"column":16},"end":{"line":45,"column":38}},"11":{"start":{"line":49,"column":16},"end":{"line":49,"column":38}},"12":{"start":{"line":53,"column":16},"end":{"line":53,"column":55}},"13":{"start":{"line":57,"column":16},"end":{"line":57,"column":35}},"14":{"start":{"line":62,"column":12},"end":{"line":69,"column":1}},"15":{"start":{"line":63,"column":18},"end":{"line":63,"column":67}},"16":{"start":{"line":64,"column":14},"end":{"line":64,"column":43}},"17":{"start":{"line":65,"column":2},"end":{"line":68,"column":3}},"18":{"start":{"line":66,"column":17},"end":{"line":66,"column":58}},"19":{"start":{"line":67,"column":4},"end":{"line":67,"column":110}},"20":{"start":{"line":71,"column":0},"end":{"line":78,"column":2}}},"fnMap":{"0":{"name":"(anonymous_0)","decl":{"start":{"line":30,"column":14},"end":{"line":30,"column":15}},"loc":{"start":{"line":30,"column":51},"end":{"line":30,"column":82}},"line":30},"1":{"name":"(anonymous_1)","decl":{"start":{"line":37,"column":15},"end":{"line":37,"column":16}},"loc":{"start":{"line":37,"column":24},"end":{"line":37,"column":71}},"line":37},"2":{"name":"(anonymous_2)","decl":{"start":{"line":41,"column":10},"end":{"line":41,"column":11}},"loc":{"start":{"line":41,"column":16},"end":{"line":41,"column":35}},"line":41},"3":{"name":"(anonymous_3)","decl":{"start":{"line":45,"column":10},"end":{"line":45,"column":11}},"loc":{"start":{"line":45,"column":16},"end":{"line":45,"column":38}},"line":45},"4":{"name":"(anonymous_4)","decl":{"start":{"line":49,"column":10},"end":{"line":49,"column":11}},"loc":{"start":{"line":49,"column":16},"end":{"line":49,"column":38}},"line":49},"5":{"name":"(anonymous_5)","decl":{"start":{"line":53,"column":10},"end":{"line":53,"column":11}},"loc":{"start":{"line":53,"column":16},"end":{"line":53,"column":55}},"line":53},"6":{"name":"(anonymous_6)","decl":{"start":{"line":57,"column":10},"end":{"line":57,"column":11}},"loc":{"start":{"line":57,"column":16},"end":{"line":57,"column":35}},"line":57},"7":{"name":"(anonymous_7)","decl":{"start":{"line":62,"column":12},"end":{"line":62,"column":13}},"loc":{"start":{"line":62,"column":78},"end":{"line":69,"column":1}},"line":62}},"branchMap":{"0":{"loc":{"start":{"line":30,"column":23},"end":{"line":30,"column":46}},"type":"default-arg","locations":[{"start":{"line":30,"column":28},"end":{"line":30,"column":46}}],"line":30},"1":{"loc":{"start":{"line":62,"column":13},"end":{"line":62,"column":25}},"type":"default-arg","locations":[{"start":{"line":62,"column":20},"end":{"line":62,"column":25}}],"line":62},"2":{"loc":{"start":{"line":62,"column":34},"end":{"line":62,"column":44}},"type":"default-arg","locations":[{"start":{"line":62,"column":42},"end":{"line":62,"column":44}}],"line":62},"3":{"loc":{"start":{"line":62,"column":46},"end":{"line":62,"column":58}},"type":"default-arg","locations":[{"start":{"line":62,"column":52},"end":{"line":62,"column":58}}],"line":62},"4":{"loc":{"start":{"line":62,"column":60},"end":{"line":62,"column":73}},"type":"default-arg","locations":[{"start":{"line":62,"column":68},"end":{"line":62,"column":73}}],"line":62},"5":{"loc":{"start":{"line":63,"column":18},"end":{"line":63,"column":67}},"type":"cond-expr","locations":[{"start":{"line":63,"column":25},"end":{"line":63,"column":62}},{"start":{"line":63,"column":65},"end":{"line":63,"column":67}}],"line":63},"6":{"loc":{"start":{"line":64,"column":14},"end":{"line":64,"column":43}},"type":"cond-expr","locations":[{"start":{"line":64,"column":32},"end":{"line":64,"column":35}},{"start":{"line":64,"column":38},"end":{"line":64,"column":43}}],"line":64},"7":{"loc":{"start":{"line":65,"column":2},"end":{"line":68,"column":3}},"type":"if","locations":[{"start":{"line":65,"column":2},"end":{"line":68,"column":3}},{"start":{},"end":{}}],"line":65},"8":{"loc":{"start":{"line":65,"column":6},"end":{"line":65,"column":21}},"type":"binary-expr","locations":[{"start":{"line":65,"column":6},"end":{"line":65,"column":12}},{"start":{"line":65,"column":16},"end":{"line":65,"column":21}}],"line":65},"9":{"loc":{"start":{"line":66,"column":17},"end":{"line":66,"column":58}},"type":"cond-expr","locations":[{"start":{"line":66,"column":33},"end":{"line":66,"column":53}},{"start":{"line":66,"column":56},"end":{"line":66,"column":58}}],"line":66}},"s":{"0":5,"1":5,"2":5,"3":5,"4":26,"5":5,"6":5,"7":0,"8":5,"9":1,"10":1,"11":1,"12":1,"13":2,"14":5,"15":10,"16":10,"17":10,"18":6,"19":6,"20":5},"f":{"0":26,"1":0,"2":1,"3":1,"4":1,"5":1,"6":2,"7":10},"b":{"0":[26],"1":[0],"2":[4],"3":[4],"4":[9],"5":[10,0],"6":[2,8],"7":[6,4],"8":[10,4],"9":[6,0]},"_coverageSchema":"1a1c01bbd47fc00a2c39e90264f33305004495a9","hash":"26b0a00ae74246c657f7bc9adb4b78d2135ca479"}
,"/Users/felipesimoes/fe-build/utils/merge.js": {"path":"/Users/felipesimoes/fe-build/utils/merge.js","statementMap":{"0":{"start":{"line":3,"column":0},"end":{"line":19,"column":2}},"1":{"start":{"line":4,"column":15},"end":{"line":4,"column":42}},"2":{"start":{"line":5,"column":15},"end":{"line":5,"column":37}},"3":{"start":{"line":7,"column":2},"end":{"line":16,"column":5}},"4":{"start":{"line":8,"column":4},"end":{"line":15,"column":5}},"5":{"start":{"line":12,"column":6},"end":{"line":12,"column":58}},"6":{"start":{"line":14,"column":6},"end":{"line":14,"column":110}},"7":{"start":{"line":18,"column":2},"end":{"line":18,"column":14}}},"fnMap":{"0":{"name":"merge","decl":{"start":{"line":3,"column":26},"end":{"line":3,"column":31}},"loc":{"start":{"line":3,"column":58},"end":{"line":19,"column":1}},"line":3},"1":{"name":"(anonymous_1)","decl":{"start":{"line":7,"column":15},"end":{"line":7,"column":16}},"loc":{"start":{"line":7,"column":25},"end":{"line":16,"column":3}},"line":7}},"branchMap":{"0":{"loc":{"start":{"line":3,"column":32},"end":{"line":3,"column":45}},"type":"default-arg","locations":[{"start":{"line":3,"column":43},"end":{"line":3,"column":45}}],"line":3},"1":{"loc":{"start":{"line":8,"column":4},"end":{"line":15,"column":5}},"type":"if","locations":[{"start":{"line":8,"column":4},"end":{"line":15,"column":5}},{"start":{"line":13,"column":11},"end":{"line":15,"column":5}}],"line":8},"2":{"loc":{"start":{"line":8,"column":8},"end":{"line":11,"column":45}},"type":"binary-expr","locations":[{"start":{"line":8,"column":8},"end":{"line":8,"column":23}},{"start":{"line":9,"column":9},"end":{"line":9,"column":44}},{"start":{"line":10,"column":9},"end":{"line":10,"column":40}},{"start":{"line":11,"column":9},"end":{"line":11,"column":45}}],"line":8},"3":{"loc":{"start":{"line":14,"column":19},"end":{"line":14,"column":109}},"type":"cond-expr","locations":[{"start":{"line":14,"column":77},"end":{"line":14,"column":92}},{"start":{"line":14,"column":95},"end":{"line":14,"column":109}}],"line":14},"4":{"loc":{"start":{"line":14,"column":19},"end":{"line":14,"column":74}},"type":"binary-expr","locations":[{"start":{"line":14,"column":19},"end":{"line":14,"column":34}},{"start":{"line":14,"column":38},"end":{"line":14,"column":74}}],"line":14}},"s":{"0":4,"1":71,"2":71,"3":71,"4":121,"5":63,"6":58,"7":71},"f":{"0":71,"1":121},"b":{"0":[0],"1":[63,58],"2":[121,118,76,66],"3":[58,0],"4":[58,3]},"_coverageSchema":"1a1c01bbd47fc00a2c39e90264f33305004495a9","hash":"530a2e7a4614ad8b706d2ddaa81ce5b6469e1e4a"}
,"/Users/felipesimoes/fe-build/utils/moduleIsVendor.js": {"path":"/Users/felipesimoes/fe-build/utils/moduleIsVendor.js","statementMap":{"0":{"start":{"line":2,"column":0},"end":{"line":14,"column":2}},"1":{"start":{"line":4,"column":2},"end":{"line":6,"column":3}},"2":{"start":{"line":5,"column":4},"end":{"line":5,"column":17}},"3":{"start":{"line":9,"column":2},"end":{"line":11,"column":3}},"4":{"start":{"line":10,"column":4},"end":{"line":10,"column":71}},"5":{"start":{"line":10,"column":35},"end":{"line":10,"column":56}},"6":{"start":{"line":13,"column":2},"end":{"line":13,"column":15}}},"fnMap":{"0":{"name":"moduleIsVendor","decl":{"start":{"line":2,"column":26},"end":{"line":2,"column":40}},"loc":{"start":{"line":2,"column":59},"end":{"line":14,"column":1}},"line":2},"1":{"name":"(anonymous_1)","decl":{"start":{"line":10,"column":27},"end":{"line":10,"column":28}},"loc":{"start":{"line":10,"column":35},"end":{"line":10,"column":56}},"line":10}},"branchMap":{"0":{"loc":{"start":{"line":4,"column":2},"end":{"line":6,"column":3}},"type":"if","locations":[{"start":{"line":4,"column":2},"end":{"line":6,"column":3}},{"start":{},"end":{}}],"line":4},"1":{"loc":{"start":{"line":9,"column":2},"end":{"line":11,"column":3}},"type":"if","locations":[{"start":{"line":9,"column":2},"end":{"line":11,"column":3}},{"start":{},"end":{}}],"line":9},"2":{"loc":{"start":{"line":9,"column":6},"end":{"line":9,"column":47}},"type":"binary-expr","locations":[{"start":{"line":9,"column":6},"end":{"line":9,"column":12}},{"start":{"line":9,"column":16},"end":{"line":9,"column":47}}],"line":9}},"s":{"0":3,"1":0,"2":0,"3":0,"4":0,"5":0,"6":0},"f":{"0":0,"1":0},"b":{"0":[0,0],"1":[0,0],"2":[0,0]},"_coverageSchema":"1a1c01bbd47fc00a2c39e90264f33305004495a9","hash":"070cb1821f8bbac8366216b9364de753697b5b88"}
}
