TN:
SF:config/babel.config.js
FNF:0
FNH:0
DA:2,3
LF:1
LH:1
BRF:0
BRH:0
end_of_record
TN:
SF:config/clientlibs.config.js
FNF:0
FNH:0
DA:9,3
DA:12,3
DA:16,3
LF:3
LH:3
BRF:0
BRH:0
end_of_record
TN:
SF:config/eslint.config.js
FNF:0
FNH:0
DA:2,3
LF:1
LH:1
BRF:0
BRH:0
end_of_record
TN:
SF:config/general.config.js
FNF:0
FNH:0
DA:1,5
DA:2,5
DA:9,5
DA:12,5
DA:15,5
DA:18,5
DA:21,5
DA:24,5
DA:27,5
DA:35,5
DA:38,5
DA:41,5
DA:44,5
DA:48,5
DA:56,5
DA:60,5
DA:63,5
DA:66,5
DA:69,5
DA:72,5
DA:75,5
DA:78,5
DA:81,5
DA:84,5
DA:87,5
DA:90,5
DA:93,5
LF:27
LH:27
BRDA:56,0,0,5
BRDA:56,0,1,5
BRDA:60,1,0,5
BRDA:60,1,1,0
BRDA:78,2,0,5
BRDA:78,2,1,5
BRDA:81,3,0,5
BRDA:81,3,1,0
BRF:8
BRH:6
end_of_record
TN:
SF:config/index.js
FNF:0
FNH:0
DA:1,3
DA:2,3
DA:3,3
DA:4,3
DA:5,3
DA:6,3
DA:7,3
DA:8,3
DA:9,3
DA:10,3
DA:11,3
DA:12,3
DA:14,3
DA:16,3
LF:14
LH:14
BRF:0
BRH:0
end_of_record
TN:
SF:config/optimization.config.js
FN:14,(anonymous_0)
FN:22,(anonymous_1)
FNF:2
FNH:0
FNDA:0,(anonymous_0)
FNDA:0,(anonymous_1)
DA:1,3
DA:2,3
DA:4,3
DA:14,0
DA:22,0
LF:5
LH:3
BRF:0
BRH:0
end_of_record
TN:
SF:config/output.config.js
FNF:0
FNH:0
DA:1,3
DA:3,3
LF:2
LH:2
BRF:0
BRH:0
end_of_record
TN:
SF:config/plugins.config.js
FNF:0
FNH:0
DA:1,3
DA:3,3
DA:6,3
DA:11,3
DA:15,3
DA:16,0
DA:17,0
DA:21,0
DA:24,3
LF:9
LH:6
BRDA:15,0,0,0
BRDA:15,0,1,3
BRF:2
BRH:1
end_of_record
TN:
SF:config/postcss.config.js
FNF:0
FNH:0
DA:1,3
LF:1
LH:1
BRF:0
BRH:0
end_of_record
TN:
SF:config/resolve.config.js
FNF:0
FNH:0
DA:1,3
DA:6,3
DA:8,3
LF:3
LH:3
BRF:0
BRH:0
end_of_record
TN:
SF:config/sass.config.js
FNF:0
FNH:0
DA:1,3
DA:2,3
DA:4,3
DA:5,3
DA:7,3
LF:5
LH:5
BRDA:5,0,0,3
BRDA:5,0,1,0
BRF:2
BRH:1
end_of_record
TN:
SF:config/stylelint.config.js
FNF:0
FNH:0
DA:1,3
LF:1
LH:1
BRF:0
BRH:0
end_of_record
TN:
SF:config/templates.config.js
FN:2,(anonymous_0)
FNF:1
FNH:0
FNDA:0,(anonymous_0)
DA:2,3
DA:9,3
LF:2
LH:2
BRF:0
BRH:0
end_of_record
TN:
SF:test/.febuild
FN:3,(anonymous_0)
FN:59,(anonymous_1)
FNF:2
FNH:1
FNDA:4,(anonymous_0)
FNDA:0,(anonymous_1)
DA:1,3
DA:3,3
DA:4,4
DA:5,4
DA:6,4
DA:7,4
DA:9,4
DA:59,0
LF:8
LH:7
BRF:0
BRH:0
end_of_record
TN:
SF:test/src/minimal/.febuild
FNF:0
FNH:0
DA:1,1
DA:3,1
LF:2
LH:2
BRF:0
BRH:0
end_of_record
TN:
SF:utils/extendConfig.js
FN:5,(anonymous_0)
FNF:1
FNH:1
FNDA:5,(anonymous_0)
DA:1,3
DA:2,3
DA:3,3
DA:5,3
DA:6,5
DA:10,5
DA:11,4
DA:15,4
DA:19,4
DA:20,4
DA:22,4
DA:23,1
DA:24,1
DA:25,1
DA:28,4
DA:29,1
DA:30,1
DA:31,1
DA:32,1
DA:33,1
DA:37,4
DA:38,4
LF:22
LH:22
BRDA:11,0,0,3
BRDA:11,0,1,1
BRDA:19,1,0,1
BRDA:22,2,0,1
BRDA:22,2,1,3
BRDA:23,3,0,1
BRDA:23,3,1,1
BRDA:28,4,0,1
BRDA:28,4,1,3
BRDA:32,5,0,1
BRDA:32,5,1,0
BRF:11
BRH:10
end_of_record
TN:
SF:utils/generateEntries.js
FN:4,generateEntries
FN:12,(anonymous_1)
FNF:2
FNH:2
FNDA:6,generateEntries
FNDA:6,(anonymous_1)
DA:1,2
DA:2,2
DA:4,2
DA:5,6
DA:6,5
DA:9,5
DA:10,4
DA:12,4
DA:13,6
DA:14,6
DA:15,6
DA:16,6
DA:17,6
DA:20,4
DA:23,1
LF:15
LH:15
BRDA:4,0,0,4
BRDA:9,1,0,4
BRDA:9,1,1,1
BRF:3
BRH:3
end_of_record
TN:
SF:utils/getArgumentValue.js
FN:1,(anonymous_0)
FN:5,(anonymous_1)
FNF:2
FNH:2
FNDA:39,(anonymous_0)
FNDA:139,(anonymous_1)
DA:1,6
DA:2,39
DA:4,38
DA:5,139
DA:7,38
DA:9,5
DA:10,1
DA:14,4
DA:17,33
DA:20,1
LF:10
LH:10
BRDA:2,0,0,38
BRDA:2,0,1,1
BRDA:7,1,0,5
BRDA:7,1,1,33
BRDA:9,2,0,1
BRDA:9,2,1,4
BRF:6
BRH:6
end_of_record
TN:
SF:utils/getClientlib.js
FN:3,getClientlib
FNF:1
FNH:1
FNDA:1,getClientlib
DA:1,1
DA:3,1
DA:5,1
DA:6,1
DA:7,1
DA:8,1
DA:9,1
DA:11,1
LF:8
LH:8
BRF:0
BRH:0
end_of_record
TN:
SF:utils/linterError.js
FN:4,linterError
FNF:1
FNH:1
FNDA:1,linterError
DA:1,1
DA:2,1
DA:4,1
DA:5,1
DA:6,1
LF:5
LH:5
BRF:0
BRH:0
end_of_record
TN:
SF:utils/log.js
FN:30,(anonymous_0)
FN:37,(anonymous_1)
FN:41,(anonymous_2)
FN:45,(anonymous_3)
FN:49,(anonymous_4)
FN:53,(anonymous_5)
FN:57,(anonymous_6)
FN:62,(anonymous_7)
FNF:8
FNH:7
FNDA:26,(anonymous_0)
FNDA:0,(anonymous_1)
FNDA:1,(anonymous_2)
FNDA:1,(anonymous_3)
FNDA:1,(anonymous_4)
FNDA:1,(anonymous_5)
FNDA:2,(anonymous_6)
FNDA:10,(anonymous_7)
DA:1,5
DA:2,5
DA:4,5
DA:30,26
DA:32,5
DA:37,5
DA:39,5
DA:41,1
DA:45,1
DA:49,1
DA:53,1
DA:57,2
DA:62,5
DA:63,10
DA:64,10
DA:65,10
DA:66,6
DA:67,6
DA:71,5
LF:19
LH:19
BRDA:30,0,0,26
BRDA:62,1,0,0
BRDA:62,2,0,4
BRDA:62,3,0,4
BRDA:62,4,0,9
BRDA:63,5,0,10
BRDA:63,5,1,0
BRDA:64,6,0,2
BRDA:64,6,1,8
BRDA:65,7,0,6
BRDA:65,7,1,4
BRDA:65,8,0,10
BRDA:65,8,1,4
BRDA:66,9,0,6
BRDA:66,9,1,0
BRF:15
BRH:12
end_of_record
TN:
SF:utils/merge.js
FN:3,merge
FN:7,(anonymous_1)
FNF:2
FNH:2
FNDA:71,merge
FNDA:121,(anonymous_1)
DA:3,4
DA:4,71
DA:5,71
DA:7,71
DA:8,121
DA:12,63
DA:14,58
DA:18,71
LF:8
LH:8
BRDA:3,0,0,0
BRDA:8,1,0,63
BRDA:8,1,1,58
BRDA:8,2,0,121
BRDA:8,2,1,118
BRDA:8,2,2,76
BRDA:8,2,3,66
BRDA:14,3,0,58
BRDA:14,3,1,0
BRDA:14,4,0,58
BRDA:14,4,1,3
BRF:11
BRH:9
end_of_record
TN:
SF:utils/moduleIsVendor.js
FN:2,moduleIsVendor
FN:10,(anonymous_1)
FNF:2
FNH:0
FNDA:0,moduleIsVendor
FNDA:0,(anonymous_1)
DA:2,3
DA:4,0
DA:5,0
DA:9,0
DA:10,0
DA:13,0
LF:6
LH:1
BRDA:4,0,0,0
BRDA:4,0,1,0
BRDA:9,1,0,0
BRDA:9,1,1,0
BRDA:9,2,0,0
BRDA:9,2,1,0
BRF:6
BRH:0
end_of_record
